  Application.cpp
D:\Grafkom\Cube-Example\FinalProject\FinalProject\Application.cpp(243,54): warning C4305: 'argument': truncation from 'double' to 'float'
D:\Grafkom\Cube-Example\FinalProject\FinalProject\Application.cpp(243,38): warning C4244: 'argument': conversion from 'int' to 'float', possible loss of data
D:\Grafkom\Cube-Example\FinalProject\FinalProject\Application.cpp(248,41): warning C4244: 'argument': conversion from 'double' to 'float', possible loss of data
D:\Grafkom\Cube-Example\FinalProject\FinalProject\Application.cpp(254,48): warning C4305: 'argument': truncation from 'double' to 'float'
D:\Grafkom\Cube-Example\FinalProject\FinalProject\Application.cpp(254,38): warning C4244: 'argument': conversion from 'int' to 'float', possible loss of data
D:\Grafkom\Cube-Example\FinalProject\FinalProject\Application.cpp(259,41): warning C4244: 'argument': conversion from 'double' to 'float', possible loss of data
D:\Grafkom\Cube-Example\FinalProject\FinalProject\Application.cpp(266,49): warning C4305: 'argument': truncation from 'double' to 'float'
D:\Grafkom\Cube-Example\FinalProject\FinalProject\Application.cpp(266,28): warning C4244: 'argument': conversion from 'double' to 'float', possible loss of data
D:\Grafkom\Cube-Example\FinalProject\FinalProject\Application.cpp(271,36): warning C4305: 'argument': truncation from 'double' to 'float'
D:\Grafkom\Cube-Example\FinalProject\FinalProject\Application.cpp(271,25): warning C4244: 'argument': conversion from 'int' to 'float', possible loss of data
D:\Grafkom\Cube-Example\FinalProject\FinalProject\Application.cpp(276,47): warning C4305: 'argument': truncation from 'double' to 'float'
D:\Grafkom\Cube-Example\FinalProject\FinalProject\Application.cpp(276,41): warning C4305: 'argument': truncation from 'double' to 'float'
D:\Grafkom\Cube-Example\FinalProject\FinalProject\Application.cpp(276,27): warning C4244: 'argument': conversion from 'double' to 'float', possible loss of data
D:\Grafkom\Cube-Example\FinalProject\FinalProject\Application.cpp(281,45): warning C4305: 'argument': truncation from 'double' to 'float'
D:\Grafkom\Cube-Example\FinalProject\FinalProject\Application.cpp(281,40): warning C4305: 'argument': truncation from 'double' to 'float'
D:\Grafkom\Cube-Example\FinalProject\FinalProject\Application.cpp(281,27): warning C4244: 'argument': conversion from 'double' to 'float', possible loss of data
D:\Grafkom\Cube-Example\FinalProject\FinalProject\Application.cpp(282,28): warning C4305: 'argument': truncation from 'double' to 'float'
D:\Grafkom\Cube-Example\FinalProject\FinalProject\Application.cpp(282,22): warning C4305: 'argument': truncation from 'double' to 'float'
D:\Grafkom\Cube-Example\FinalProject\FinalProject\Application.cpp(286,37): warning C4305: 'argument': truncation from 'double' to 'float'
D:\Grafkom\Cube-Example\FinalProject\FinalProject\Application.cpp(286,25): warning C4244: 'argument': conversion from 'int' to 'float', possible loss of data
D:\Grafkom\Cube-Example\FinalProject\FinalProject\Application.cpp(287,27): warning C4305: 'argument': truncation from 'double' to 'float'
D:\Grafkom\Cube-Example\FinalProject\FinalProject\Application.cpp(287,19): warning C4305: 'argument': truncation from 'double' to 'float'
D:\Grafkom\Cube-Example\FinalProject\FinalProject\Application.cpp(291,25): warning C4244: 'argument': conversion from 'int' to 'float', possible loss of data
D:\Grafkom\Cube-Example\FinalProject\FinalProject\Application.cpp(292,27): warning C4305: 'argument': truncation from 'double' to 'float'
D:\Grafkom\Cube-Example\FinalProject\FinalProject\Application.cpp(296,41): warning C4305: 'argument': truncation from 'double' to 'float'
D:\Grafkom\Cube-Example\FinalProject\FinalProject\Application.cpp(296,27): warning C4244: 'argument': conversion from 'double' to 'float', possible loss of data
D:\Grafkom\Cube-Example\FinalProject\FinalProject\Application.cpp(297,31): warning C4305: 'argument': truncation from 'double' to 'float'
D:\Grafkom\Cube-Example\FinalProject\FinalProject\Application.cpp(297,25): warning C4305: 'argument': truncation from 'double' to 'float'
D:\Grafkom\Cube-Example\FinalProject\FinalProject\Application.cpp(297,19): warning C4305: 'argument': truncation from 'double' to 'float'
D:\Grafkom\Cube-Example\FinalProject\FinalProject\Application.cpp(301,41): warning C4305: 'argument': truncation from 'double' to 'float'
D:\Grafkom\Cube-Example\FinalProject\FinalProject\Application.cpp(301,28): warning C4244: 'argument': conversion from 'double' to 'float', possible loss of data
D:\Grafkom\Cube-Example\FinalProject\FinalProject\Application.cpp(302,23): warning C4305: 'argument': truncation from 'double' to 'float'
D:\Grafkom\Cube-Example\FinalProject\FinalProject\Application.cpp(306,40): warning C4305: 'argument': truncation from 'double' to 'float'
D:\Grafkom\Cube-Example\FinalProject\FinalProject\Application.cpp(306,26): warning C4244: 'argument': conversion from 'double' to 'float', possible loss of data
D:\Grafkom\Cube-Example\FinalProject\FinalProject\Application.cpp(307,30): warning C4305: 'argument': truncation from 'double' to 'float'
D:\Grafkom\Cube-Example\FinalProject\FinalProject\Application.cpp(307,24): warning C4305: 'argument': truncation from 'double' to 'float'
D:\Grafkom\Cube-Example\FinalProject\FinalProject\Application.cpp(307,19): warning C4305: 'argument': truncation from 'double' to 'float'
D:\Grafkom\Cube-Example\FinalProject\FinalProject\Application.cpp(311,26): warning C4244: 'argument': conversion from 'double' to 'float', possible loss of data
D:\Grafkom\Cube-Example\FinalProject\FinalProject\Application.cpp(312,20): warning C4305: 'argument': truncation from 'double' to 'float'
D:\Grafkom\Cube-Example\FinalProject\FinalProject\Application.cpp(320,54): warning C4305: 'argument': truncation from 'double' to 'float'
D:\Grafkom\Cube-Example\FinalProject\FinalProject\Application.cpp(320,38): warning C4244: 'argument': conversion from 'int' to 'float', possible loss of data
D:\Grafkom\Cube-Example\FinalProject\FinalProject\Application.cpp(325,41): warning C4244: 'argument': conversion from 'double' to 'float', possible loss of data
D:\Grafkom\Cube-Example\FinalProject\FinalProject\Application.cpp(331,48): warning C4305: 'argument': truncation from 'double' to 'float'
D:\Grafkom\Cube-Example\FinalProject\FinalProject\Application.cpp(331,38): warning C4244: 'argument': conversion from 'int' to 'float', possible loss of data
D:\Grafkom\Cube-Example\FinalProject\FinalProject\Application.cpp(336,41): warning C4244: 'argument': conversion from 'double' to 'float', possible loss of data
D:\Grafkom\Cube-Example\FinalProject\FinalProject\Application.cpp(343,49): warning C4305: 'argument': truncation from 'double' to 'float'
D:\Grafkom\Cube-Example\FinalProject\FinalProject\Application.cpp(343,28): warning C4244: 'argument': conversion from 'double' to 'float', possible loss of data
D:\Grafkom\Cube-Example\FinalProject\FinalProject\Application.cpp(348,36): warning C4305: 'argument': truncation from 'double' to 'float'
D:\Grafkom\Cube-Example\FinalProject\FinalProject\Application.cpp(348,25): warning C4244: 'argument': conversion from 'int' to 'float', possible loss of data
D:\Grafkom\Cube-Example\FinalProject\FinalProject\Application.cpp(353,48): warning C4305: 'argument': truncation from 'double' to 'float'
D:\Grafkom\Cube-Example\FinalProject\FinalProject\Application.cpp(353,41): warning C4305: 'argument': truncation from 'double' to 'float'
D:\Grafkom\Cube-Example\FinalProject\FinalProject\Application.cpp(353,27): warning C4244: 'argument': conversion from 'double' to 'float', possible loss of data
D:\Grafkom\Cube-Example\FinalProject\FinalProject\Application.cpp(358,46): warning C4305: 'argument': truncation from 'double' to 'float'
D:\Grafkom\Cube-Example\FinalProject\FinalProject\Application.cpp(358,40): warning C4305: 'argument': truncation from 'double' to 'float'
D:\Grafkom\Cube-Example\FinalProject\FinalProject\Application.cpp(358,27): warning C4244: 'argument': conversion from 'double' to 'float', possible loss of data
D:\Grafkom\Cube-Example\FinalProject\FinalProject\Application.cpp(359,28): warning C4305: 'argument': truncation from 'double' to 'float'
D:\Grafkom\Cube-Example\FinalProject\FinalProject\Application.cpp(359,22): warning C4305: 'argument': truncation from 'double' to 'float'
D:\Grafkom\Cube-Example\FinalProject\FinalProject\Application.cpp(363,37): warning C4305: 'argument': truncation from 'double' to 'float'
D:\Grafkom\Cube-Example\FinalProject\FinalProject\Application.cpp(363,25): warning C4244: 'argument': conversion from 'int' to 'float', possible loss of data
D:\Grafkom\Cube-Example\FinalProject\FinalProject\Application.cpp(364,27): warning C4305: 'argument': truncation from 'double' to 'float'
D:\Grafkom\Cube-Example\FinalProject\FinalProject\Application.cpp(364,19): warning C4305: 'argument': truncation from 'double' to 'float'
D:\Grafkom\Cube-Example\FinalProject\FinalProject\Application.cpp(368,25): warning C4244: 'argument': conversion from 'int' to 'float', possible loss of data
D:\Grafkom\Cube-Example\FinalProject\FinalProject\Application.cpp(369,27): warning C4305: 'argument': truncation from 'double' to 'float'
D:\Grafkom\Cube-Example\FinalProject\FinalProject\Application.cpp(373,41): warning C4305: 'argument': truncation from 'double' to 'float'
D:\Grafkom\Cube-Example\FinalProject\FinalProject\Application.cpp(373,27): warning C4244: 'argument': conversion from 'double' to 'float', possible loss of data
D:\Grafkom\Cube-Example\FinalProject\FinalProject\Application.cpp(374,31): warning C4305: 'argument': truncation from 'double' to 'float'
D:\Grafkom\Cube-Example\FinalProject\FinalProject\Application.cpp(374,25): warning C4305: 'argument': truncation from 'double' to 'float'
D:\Grafkom\Cube-Example\FinalProject\FinalProject\Application.cpp(374,19): warning C4305: 'argument': truncation from 'double' to 'float'
D:\Grafkom\Cube-Example\FinalProject\FinalProject\Application.cpp(378,47): warning C4305: 'argument': truncation from 'double' to 'float'
D:\Grafkom\Cube-Example\FinalProject\FinalProject\Application.cpp(378,41): warning C4305: 'argument': truncation from 'double' to 'float'
D:\Grafkom\Cube-Example\FinalProject\FinalProject\Application.cpp(378,28): warning C4244: 'argument': conversion from 'double' to 'float', possible loss of data
D:\Grafkom\Cube-Example\FinalProject\FinalProject\Application.cpp(379,23): warning C4305: 'argument': truncation from 'double' to 'float'
D:\Grafkom\Cube-Example\FinalProject\FinalProject\Application.cpp(383,46): warning C4305: 'argument': truncation from 'double' to 'float'
D:\Grafkom\Cube-Example\FinalProject\FinalProject\Application.cpp(383,40): warning C4305: 'argument': truncation from 'double' to 'float'
D:\Grafkom\Cube-Example\FinalProject\FinalProject\Application.cpp(383,26): warning C4244: 'argument': conversion from 'double' to 'float', possible loss of data
D:\Grafkom\Cube-Example\FinalProject\FinalProject\Application.cpp(384,30): warning C4305: 'argument': truncation from 'double' to 'float'
D:\Grafkom\Cube-Example\FinalProject\FinalProject\Application.cpp(384,24): warning C4305: 'argument': truncation from 'double' to 'float'
D:\Grafkom\Cube-Example\FinalProject\FinalProject\Application.cpp(384,19): warning C4305: 'argument': truncation from 'double' to 'float'
D:\Grafkom\Cube-Example\FinalProject\FinalProject\Application.cpp(388,26): warning C4244: 'argument': conversion from 'double' to 'float', possible loss of data
D:\Grafkom\Cube-Example\FinalProject\FinalProject\Application.cpp(389,20): warning C4305: 'argument': truncation from 'double' to 'float'
D:\Grafkom\Cube-Example\FinalProject\FinalProject\Application.cpp(394,34): warning C4305: 'argument': truncation from 'double' to 'float'
D:\Grafkom\Cube-Example\FinalProject\FinalProject\Application.cpp(394,27): warning C4305: 'argument': truncation from 'double' to 'float'
D:\Grafkom\Cube-Example\FinalProject\FinalProject\Application.cpp(394,21): warning C4305: 'argument': truncation from 'double' to 'float'
D:\Grafkom\Cube-Example\FinalProject\FinalProject\Application.cpp(401,51): warning C4305: 'argument': truncation from 'double' to 'float'
D:\Grafkom\Cube-Example\FinalProject\FinalProject\Application.cpp(401,43): warning C4305: 'argument': truncation from 'double' to 'float'
D:\Grafkom\Cube-Example\FinalProject\FinalProject\Application.cpp(401,26): warning C4244: 'argument': conversion from 'int' to 'float', possible loss of data
D:\Grafkom\Cube-Example\FinalProject\FinalProject\Application.cpp(402,20): warning C4305: 'argument': truncation from 'double' to 'float'
D:\Grafkom\Cube-Example\FinalProject\FinalProject\Application.cpp(406,38): warning C4244: 'argument': conversion from 'int' to 'float', possible loss of data
D:\Grafkom\Cube-Example\FinalProject\FinalProject\Application.cpp(406,28): warning C4305: 'argument': truncation from 'double' to 'float'
D:\Grafkom\Cube-Example\FinalProject\FinalProject\Application.cpp(406,23): warning C4305: 'argument': truncation from 'double' to 'float'
D:\Grafkom\Cube-Example\FinalProject\FinalProject\Application.cpp(407,31): warning C4305: 'argument': truncation from 'double' to 'float'
D:\Grafkom\Cube-Example\FinalProject\FinalProject\Application.cpp(413,32): warning C4305: 'argument': truncation from 'double' to 'float'
D:\Grafkom\Cube-Example\FinalProject\FinalProject\Application.cpp(413,22): warning C4305: 'argument': truncation from 'double' to 'float'
D:\Grafkom\Cube-Example\FinalProject\FinalProject\Application.cpp(414,23): warning C4305: 'argument': truncation from 'double' to 'float'
D:\Grafkom\Cube-Example\FinalProject\FinalProject\Application.cpp(421,29): warning C4244: 'argument': conversion from 'double' to 'float', possible loss of data
D:\Grafkom\Cube-Example\FinalProject\FinalProject\Application.cpp(426,47): warning C4305: 'argument': truncation from 'double' to 'float'
D:\Grafkom\Cube-Example\FinalProject\FinalProject\Application.cpp(426,28): warning C4244: 'argument': conversion from 'int' to 'float', possible loss of data
D:\Grafkom\Cube-Example\FinalProject\FinalProject\Application.cpp(431,57): warning C4305: 'argument': truncation from 'double' to 'float'
D:\Grafkom\Cube-Example\FinalProject\FinalProject\Application.cpp(431,51): warning C4305: 'argument': truncation from 'double' to 'float'
D:\Grafkom\Cube-Example\FinalProject\FinalProject\Application.cpp(431,30): warning C4244: 'argument': conversion from 'double' to 'float', possible loss of data
D:\Grafkom\Cube-Example\FinalProject\FinalProject\Application.cpp(437,45): warning C4305: 'argument': truncation from 'double' to 'float'
D:\Grafkom\Cube-Example\FinalProject\FinalProject\Application.cpp(437,29): warning C4244: 'argument': conversion from 'double' to 'float', possible loss of data
D:\Grafkom\Cube-Example\FinalProject\FinalProject\Application.cpp(442,41): warning C4305: 'argument': truncation from 'double' to 'float'
D:\Grafkom\Cube-Example\FinalProject\FinalProject\Application.cpp(442,28): warning C4244: 'argument': conversion from 'int' to 'float', possible loss of data
D:\Grafkom\Cube-Example\FinalProject\FinalProject\Application.cpp(447,50): warning C4305: 'argument': truncation from 'double' to 'float'
D:\Grafkom\Cube-Example\FinalProject\FinalProject\Application.cpp(447,45): warning C4305: 'argument': truncation from 'double' to 'float'
D:\Grafkom\Cube-Example\FinalProject\FinalProject\Application.cpp(447,30): warning C4244: 'argument': conversion from 'double' to 'float', possible loss of data
D:\Grafkom\Cube-Example\FinalProject\FinalProject\Application.cpp(454,35): warning C4305: 'argument': truncation from 'double' to 'float'
D:\Grafkom\Cube-Example\FinalProject\FinalProject\Application.cpp(454,28): warning C4305: 'argument': truncation from 'double' to 'float'
D:\Grafkom\Cube-Example\FinalProject\FinalProject\Application.cpp(454,22): warning C4305: 'argument': truncation from 'double' to 'float'
D:\Grafkom\Cube-Example\FinalProject\FinalProject\Application.cpp(455,19): warning C4305: 'argument': truncation from 'double' to 'float'
D:\Grafkom\Cube-Example\FinalProject\FinalProject\Application.cpp(459,27): warning C4305: 'argument': truncation from 'double' to 'float'
D:\Grafkom\Cube-Example\FinalProject\FinalProject\Application.cpp(459,22): warning C4305: 'argument': truncation from 'double' to 'float'
D:\Grafkom\Cube-Example\FinalProject\FinalProject\Application.cpp(460,25): warning C4305: 'argument': truncation from 'double' to 'float'
D:\Grafkom\Cube-Example\FinalProject\FinalProject\Application.cpp(463,27): warning C4305: 'argument': truncation from 'double' to 'float'
D:\Grafkom\Cube-Example\FinalProject\FinalProject\Application.cpp(463,22): warning C4305: 'argument': truncation from 'double' to 'float'
D:\Grafkom\Cube-Example\FinalProject\FinalProject\Application.cpp(464,25): warning C4305: 'argument': truncation from 'double' to 'float'
D:\Grafkom\Cube-Example\FinalProject\FinalProject\Application.cpp(467,27): warning C4305: 'argument': truncation from 'double' to 'float'
D:\Grafkom\Cube-Example\FinalProject\FinalProject\Application.cpp(467,22): warning C4305: 'argument': truncation from 'double' to 'float'
D:\Grafkom\Cube-Example\FinalProject\FinalProject\Application.cpp(468,25): warning C4305: 'argument': truncation from 'double' to 'float'
D:\Grafkom\Cube-Example\FinalProject\FinalProject\Application.cpp(471,27): warning C4305: 'argument': truncation from 'double' to 'float'
D:\Grafkom\Cube-Example\FinalProject\FinalProject\Application.cpp(471,22): warning C4305: 'argument': truncation from 'double' to 'float'
D:\Grafkom\Cube-Example\FinalProject\FinalProject\Application.cpp(472,25): warning C4305: 'argument': truncation from 'double' to 'float'
D:\Grafkom\Cube-Example\FinalProject\FinalProject\Application.cpp(476,36): warning C4305: 'argument': truncation from 'double' to 'float'
D:\Grafkom\Cube-Example\FinalProject\FinalProject\Application.cpp(476,28): warning C4305: 'argument': truncation from 'double' to 'float'
D:\Grafkom\Cube-Example\FinalProject\FinalProject\Application.cpp(476,22): warning C4305: 'argument': truncation from 'double' to 'float'
D:\Grafkom\Cube-Example\FinalProject\FinalProject\Application.cpp(477,18): warning C4305: 'argument': truncation from 'double' to 'float'
D:\Grafkom\Cube-Example\FinalProject\FinalProject\Application.cpp(480,37): warning C4305: 'argument': truncation from 'double' to 'float'
D:\Grafkom\Cube-Example\FinalProject\FinalProject\Application.cpp(480,29): warning C4305: 'argument': truncation from 'double' to 'float'
D:\Grafkom\Cube-Example\FinalProject\FinalProject\Application.cpp(484,34): warning C4305: 'argument': truncation from 'double' to 'float'
D:\Grafkom\Cube-Example\FinalProject\FinalProject\Application.cpp(484,26): warning C4305: 'argument': truncation from 'double' to 'float'
D:\Grafkom\Cube-Example\FinalProject\FinalProject\Application.cpp(485,18): warning C4305: 'argument': truncation from 'double' to 'float'
D:\Grafkom\Cube-Example\FinalProject\FinalProject\Application.cpp(488,23): warning C4305: 'argument': truncation from 'double' to 'float'
SOIL.lib(SOIL.obj) : warning LNK4075: ignoring '/EDITANDCONTINUE' due to '/OPT:ICF' specification
LINK : warning LNK4098: defaultlib 'MSVCRTD' conflicts with use of other libs; use /NODEFAULTLIB:library
  Generating code
  10 of 329 functions ( 3.0%) were compiled, the rest were copied from previous compilation.
    0 functions were new in current compilation
    11 functions had inline decision re-evaluated but remain unchanged
  Finished generating code
SOIL.lib(image_DXT.obj) : warning LNK4099: PDB '' was not found with 'SOIL.lib(image_DXT.obj)' or at ''; linking object as if no debug info
SOIL.lib(image_helper.obj) : warning LNK4099: PDB '' was not found with 'SOIL.lib(image_helper.obj)' or at ''; linking object as if no debug info
SOIL.lib(SOIL.obj) : warning LNK4099: PDB '' was not found with 'SOIL.lib(SOIL.obj)' or at ''; linking object as if no debug info
SOIL.lib(stb_image_aug.obj) : warning LNK4099: PDB '' was not found with 'SOIL.lib(stb_image_aug.obj)' or at ''; linking object as if no debug info
  FinalProject.vcxproj -> D:\Grafkom\Cube-Example\FinalProject\Release\FinalProject.exe
